#
# There is insufficient memory for the Java Runtime Environment to continue.
# Native memory allocation (malloc) failed to allocate 1048576 bytes for AllocateHeap
# Possible reasons:
#   The system is out of physical RAM or swap space
#   The process is running with CompressedOops enabled, and the Java Heap may be blocking the growth of the native heap
# Possible solutions:
#   Reduce memory load on the system
#   Increase physical memory or swap space
#   Check if swap backing store is full
#   Decrease Java heap size (-Xmx/-Xms)
#   Decrease number of Java threads
#   Decrease Java thread stack sizes (-Xss)
#   Set larger code cache with -XX:ReservedCodeCacheSize=
#   JVM is running with Unscaled Compressed Oops mode in which the Java heap is
#     placed in the first 4GB address space. The Java Heap base address is the
#     maximum limit for the native heap growth. Please use -XX:HeapBaseMinAddress
#     to set the Java Heap base and to place the Java Heap above 4GB virtual address.
# This output file may be truncated or incomplete.
#
#  Out of Memory Error (memory/allocation.inline.hpp:61), pid=23320, tid=0x00000000000056a4
#
# JRE version:  (8.0_271-b09) (build )
# Java VM: Java HotSpot(TM) 64-Bit Server VM (25.271-b09 mixed mode windows-amd64 compressed oops)
# Failed to write core dump. Minidumps are not enabled by default on client versions of Windows
#

---------------  T H R E A D  ---------------

Current thread (0x00000202ce1a4000):  JavaThread "Unknown thread" [_thread_in_vm, id=22180, stack(0x0000007e02900000,0x0000007e02a00000)]

Stack: [0x0000007e02900000,0x0000007e02a00000]
Native frames: (J=compiled Java code, j=interpreted, Vv=VM code, C=native code)
V  [jvm.dll+0x33f6c9]
V  [jvm.dll+0x286122]
V  [jvm.dll+0x286dcd]
V  [jvm.dll+0x27d805]
V  [jvm.dll+0x1565d]
V  [jvm.dll+0x3d98d8]
V  [jvm.dll+0x3da5ca]
V  [jvm.dll+0x3d6637]
V  [jvm.dll+0x10cfff]
V  [jvm.dll+0x21ab2b]
V  [jvm.dll+0x2494e7]
V  [jvm.dll+0x172a76]
C  [java.exe+0x2312]
C  [java.exe+0x15f54]
C  [KERNEL32.DLL+0x17c24]
C  [ntdll.dll+0x6d721]


---------------  P R O C E S S  ---------------

Java Threads: ( => current thread )

Other Threads:

=>0x00000202ce1a4000 (exited) JavaThread "Unknown thread" [_thread_in_vm, id=22180, stack(0x0000007e02900000,0x0000007e02a00000)]

VM state:not at safepoint (normal execution)

VM Mutex/Monitor currently owned by a thread: None

heap address: 0x0000000081a00000, size: 2022 MB, Compressed Oops mode: 32-bit
Narrow klass base: 0x0000000000000000, Narrow klass shift: 3
Compressed class space size: 1073741824 Address: 0x0000000100000000

Heap:
 PSYoungGen      total 38400K, used 665K [0x00000000d5e00000, 0x00000000d8880000, 0x0000000100000000)
  eden space 33280K, 2% used [0x00000000d5e00000,0x00000000d5ea6670,0x00000000d7e80000)
  from space 5120K, 0% used [0x00000000d8380000,0x00000000d8380000,0x00000000d8880000)
  to   space 5120K, 0% used [0x00000000d7e80000,0x00000000d7e80000,0x00000000d8380000)
 ParOldGen       total 87552K, used 0K [0x0000000081a00000, 0x0000000086f80000, 0x00000000d5e00000)
  object space 87552K, 0% used [0x0000000081a00000,0x0000000081a00000,0x0000000086f80000)
 Metaspace       used 776K, capacity 4480K, committed 4480K, reserved 1056768K
  class space    used 76K, capacity 384K, committed 384K, reserved 1048576K

Card table byte_map: [0x00000202def30000,0x00000202df330000] byte_map_base: 0x00000202deb23000

Marking Bits: (ParMarkBitMap*) 0x0000000070cd7fe0
 Begin Bits: [0x00000202df5e0000, 0x00000202e1578000)
 End Bits:   [0x00000202e1578000, 0x00000202e3510000)

Polling page: 0x00000202ce120000

CodeCache: size=245760Kb used=328Kb max_used=328Kb free=245431Kb
 bounds [0x00000202cfb70000, 0x00000202cfde0000, 0x00000202deb70000]
 total_blobs=58 nmethods=0 adapters=38
 compilation: enabled

Compilation events (0 events):
No events

GC Heap History (0 events):
No events

Deoptimization events (0 events):
No events

Classes redefined (0 events):
No events

Internal exceptions (0 events):
No events

Events (10 events):
Event: 0.091 loading class java/lang/Short
Event: 0.091 loading class java/lang/Short done
Event: 0.091 loading class java/lang/Integer
Event: 0.092 loading class java/lang/Integer done
Event: 0.092 loading class java/lang/Long
Event: 0.092 loading class java/lang/Long done
Event: 0.094 loading class java/lang/NullPointerException
Event: 0.094 loading class java/lang/NullPointerException done
Event: 0.094 loading class java/lang/ArithmeticException
Event: 0.095 loading class java/lang/ArithmeticException done


Dynamic libraries:
0x00007ff621c40000 - 0x00007ff621c87000 	C:\Program Files\Java\jdk1.8.0_271\bin\java.exe
0x00007ffbd2000000 - 0x00007ffbd21f0000 	C:\Windows\SYSTEM32\ntdll.dll
0x00007ffbd0b80000 - 0x00007ffbd0c32000 	C:\Windows\System32\KERNEL32.DLL
0x00007ffbcfe00000 - 0x00007ffbd00a5000 	C:\Windows\System32\KERNELBASE.dll
0x00007ffbd1f10000 - 0x00007ffbd1fb3000 	C:\Windows\System32\ADVAPI32.dll
0x00007ffbd1420000 - 0x00007ffbd14be000 	C:\Windows\System32\msvcrt.dll
0x00007ffbd1a00000 - 0x00007ffbd1a97000 	C:\Windows\System32\sechost.dll
0x00007ffbd18e0000 - 0x00007ffbd19ff000 	C:\Windows\System32\RPCRT4.dll
0x00007ffbd14c0000 - 0x00007ffbd1654000 	C:\Windows\System32\USER32.dll
0x00007ffbcf6f0000 - 0x00007ffbcf711000 	C:\Windows\System32\win32u.dll
0x00007ffbd0d00000 - 0x00007ffbd0d26000 	C:\Windows\System32\GDI32.dll
0x00007ffbcfc30000 - 0x00007ffbcfdc8000 	C:\Windows\System32\gdi32full.dll
0x00007ffbcf930000 - 0x00007ffbcf9ce000 	C:\Windows\System32\msvcp_win.dll
0x00007ffbcf780000 - 0x00007ffbcf87a000 	C:\Windows\System32\ucrtbase.dll
0x00007ffbbe0a0000 - 0x00007ffbbe324000 	C:\Windows\WinSxS\amd64_microsoft.windows.common-controls_6595b64144ccf1df_6.0.18362.1440_none_9e7dbfb9e45e8e67\COMCTL32.dll
0x00007ffbd0840000 - 0x00007ffbd0b76000 	C:\Windows\System32\combase.dll
0x00007ffbcf880000 - 0x00007ffbcf901000 	C:\Windows\System32\bcryptPrimitives.dll
0x00007ffbd0c60000 - 0x00007ffbd0c8e000 	C:\Windows\System32\IMM32.DLL
0x00007ffbc15f0000 - 0x00007ffbc1605000 	C:\Program Files\Java\jdk1.8.0_271\jre\bin\vcruntime140.dll
0x00007ffb4acd0000 - 0x00007ffb4ad6b000 	C:\Program Files\Java\jdk1.8.0_271\jre\bin\msvcp140.dll
0x00000000704e0000 - 0x0000000070d4f000 	C:\Program Files\Java\jdk1.8.0_271\jre\bin\server\jvm.dll
0x00007ffbd0c40000 - 0x00007ffbd0c48000 	C:\Windows\System32\PSAPI.DLL
0x00007ffbb7a50000 - 0x00007ffbb7a59000 	C:\Windows\SYSTEM32\WSOCK32.dll
0x00007ffbc8b50000 - 0x00007ffbc8b5a000 	C:\Windows\SYSTEM32\VERSION.dll
0x00007ffbcc8b0000 - 0x00007ffbcc8d4000 	C:\Windows\SYSTEM32\WINMM.dll
0x00007ffbd0c90000 - 0x00007ffbd0cff000 	C:\Windows\System32\WS2_32.dll
0x00007ffbcc880000 - 0x00007ffbcc8ad000 	C:\Windows\SYSTEM32\WINMMBASE.dll
0x00007ffbcfa80000 - 0x00007ffbcfaca000 	C:\Windows\System32\cfgmgr32.dll
0x00007ffbceec0000 - 0x00007ffbceed1000 	C:\Windows\System32\kernel.appcore.dll
0x00007ffbc15e0000 - 0x00007ffbc15f0000 	C:\Program Files\Java\jdk1.8.0_271\jre\bin\verify.dll
0x00007ffba9d70000 - 0x00007ffba9d9b000 	C:\Program Files\Java\jdk1.8.0_271\jre\bin\java.dll
0x00007ffba7680000 - 0x00007ffba76b0000 	C:\Program Files\Java\jdk1.8.0_271\jre\bin\instrument.dll
0x00007ffbbcc30000 - 0x00007ffbbcc48000 	C:\Program Files\Java\jdk1.8.0_271\jre\bin\zip.dll
0x00007ffbcd880000 - 0x00007ffbcda74000 	C:\Windows\SYSTEM32\dbghelp.dll

VM Arguments:
jvm_args: -javaagent:D:\Downloads\JetBrains IntelliJ IDEA Ultimate 2020.1 x64\IDEE\lib\idea_rt.jar=60283:D:\Downloads\JetBrains IntelliJ IDEA Ultimate 2020.1 x64\IDEE\bin -Dfile.encoding=UTF-8 
java_command: lesson12.Main
java_class_path (initial): C:\Program Files\Java\jdk1.8.0_271\jre\lib\charsets.jar;C:\Program Files\Java\jdk1.8.0_271\jre\lib\deploy.jar;C:\Program Files\Java\jdk1.8.0_271\jre\lib\ext\access-bridge-64.jar;C:\Program Files\Java\jdk1.8.0_271\jre\lib\ext\cldrdata.jar;C:\Program Files\Java\jdk1.8.0_271\jre\lib\ext\dnsns.jar;C:\Program Files\Java\jdk1.8.0_271\jre\lib\ext\jaccess.jar;C:\Program Files\Java\jdk1.8.0_271\jre\lib\ext\jfxrt.jar;C:\Program Files\Java\jdk1.8.0_271\jre\lib\ext\localedata.jar;C:\Program Files\Java\jdk1.8.0_271\jre\lib\ext\nashorn.jar;C:\Program Files\Java\jdk1.8.0_271\jre\lib\ext\sunec.jar;C:\Program Files\Java\jdk1.8.0_271\jre\lib\ext\sunjce_provider.jar;C:\Program Files\Java\jdk1.8.0_271\jre\lib\ext\sunmscapi.jar;C:\Program Files\Java\jdk1.8.0_271\jre\lib\ext\sunpkcs11.jar;C:\Program Files\Java\jdk1.8.0_271\jre\lib\ext\zipfs.jar;C:\Program Files\Java\jdk1.8.0_271\jre\lib\javaws.jar;C:\Program Files\Java\jdk1.8.0_271\jre\lib\jce.jar;C:\Program Files\Java\jdk1.8.0_271\jre\lib\jfr.jar;C:\Program Files\Java\jdk1.8.0_271\jre\lib\jfxswt.jar;C:\Program Files\Java\jdk1.8.0_271\jre\lib\jsse.jar;C:\Program Files\Java\jdk1.8.0_271\jre\lib\management-agent.jar;C:\Program Files\Java\jdk1.8.0_271\jre\lib\plugin.jar;C:\Program Files\Java\jdk1.8.0_271\jre\lib\resources.jar;C:\Program Files\Java\jdk1.8.0_271\jre\lib\rt.jar;D:\Kate\LessonsHillel\02(1)\Hillel-Elementary\target\classes;D:\Kate\LessonsHillel\02(1)\Hillel-Elementary\lib\javax.servlet.jsp.jar;D:\Kate\LessonsHillel\02(1)\Hillel-Elementary\lib\javax.annotation.jar;D:\Kate\LessonsHillel\02(1)\Hillel-Elementary\lib\javax.servlet.jar;D:\Kate\LessonsHillel\02(1)\Hillel-Elementary\lib\javax.servlet.jsp.jstl.jar;D:\Kate\LessonsHillel\02(1)\Hillel-Elementary\lib\javax.jms.jar;D:\Kate\LessonsHillel\02(1)\Hillel-Elementary\lib\javax.resource.jar;D:\Kate\LessonsHillel\02(1)\Hillel-Elementary\lib\javax.ejb.jar;C:\Users\pc\.m2\repository\org\hibernate\hibernate-core\5.4.29.Final\hibernate-core-5.4.29.Final.jar;C:
Launcher Type: SUN_STANDARD

Environment Variables:
JAVA_HOME=C:\Program Files\Java\jdk1.8.0_271
PATH=C:\Program Files (x86)\Common Files\Oracle\Java\javapath;C:\ProgramData\Oracle\Java\javapath;C:\Windows\system32;C:\Windows;C:\Windows\System32\Wbem;C:\Windows\System32\WindowsPowerShell\v1.0\;C:\Windows\System32\OpenSSH\;C:\Program Files (x86)\NVIDIA Corporation\PhysX\Common;C:\Program Files\NVIDIA Corporation\NVIDIA NvDLISR;C:\Program Files\Common Files\Autodesk Shared\;C:\Program Files\Microsoft SQL Server\120\Tools\Binn\;D:\Program files\Git\cmd;C:\Program Files\Microsoft SQL Server\130\Tools\Binn\;C:\Program Files\Java\jdk1.8.0_271\bin;D:\Program Files\PostgreSQL\13\bin;C:\Users\pc\AppData\Local\Microsoft\WindowsApps
USERNAME=pc
OS=Windows_NT
PROCESSOR_IDENTIFIER=Intel64 Family 6 Model 158 Stepping 10, GenuineIntel



---------------  S Y S T E M  ---------------

OS: Windows 10.0 , 64 bit Build 18362 (10.0.18362.1350)

CPU:total 8 (initial active 8) (4 cores per cpu, 2 threads per core) family 6 model 158 stepping 10, cmov, cx8, fxsr, mmx, sse, sse2, sse3, ssse3, sse4.1, sse4.2, popcnt, avx, avx2, aes, clmul, erms, 3dnowpref, lzcnt, ht, tsc, tscinvbit, bmi1, bmi2, adx

Memory: 4k page, physical 8275188k(680196k free), swap 16467188k(3148k free)

vm_info: Java HotSpot(TM) 64-Bit Server VM (25.271-b09) for windows-amd64 JRE (1.8.0_271-b09), built on Sep 16 2020 19:14:59 by "" with MS VC++ 15.9 (VS2017)

time: Fri Apr 16 09:32:04 2021
timezone: Ainoi?iay Aa?iia (eaoi)
elapsed time: 0.178124 seconds (0d 0h 0m 0s)

